2025-05-26 17:54:05 - INFO - ==================================================
2025-05-26 17:54:05 - INFO - Dictate program elindítva
2025-05-26 17:54:05 - INFO - Whisper model betöltése: medium
2025-05-26 17:54:39 - INFO - Whisper model sikeresen betöltve
2025-05-26 17:54:39 - INFO - Felhasználói interfész elindítva
2025-05-26 17:54:42 - INFO - Felhasználói parancs: ''
2025-05-26 17:54:42 - INFO - Hangfelvétel elindítva
2025-05-26 17:54:53 - INFO - Felhasználói parancs: ''
2025-05-26 17:54:53 - INFO - Felvétel leállítva, időtartam: 11.39 másodperc
2025-05-26 17:54:53 - INFO - Ideiglenes WAV fájl létrehozva: /tmp/tmpa9scnkmq.wav
2025-05-26 17:54:53 - INFO - Whisper feldolgozás elkezdve
2025-05-26 17:55:11 - INFO - Whisper eredmény: 'Nézd, én úgy voltam vele, hogy el kell innen menni, ennek nem lesz jó végá, én ennek nem fogok körülni, és az ajtókat is mindbe fogom csukni.' (konfidencia adatok: [{'id': 0, 'seek': 0, 'start': 0.0, 'end': 4.4, 'text': ' Nézd, én úgy voltam vele, hogy el kell innen menni,', 'tokens': [50364, 426, 526, 31278, 11, 39315, 6991, 1480, 5962, 335, 1241, 306, 11, 14601, 806, 41892, 294, 2866, 1706, 3722, 11, 50584], 'temperature': 0.0, 'avg_logprob': -0.20962577755168332, 'compression_ratio': 1.1968503937007875, 'no_speech_prob': 0.01869780942797661}, {'id': 1, 'seek': 0, 'start': 4.6000000000000005, 'end': 11.4, 'text': ' ennek nem lesz jó végá, én ennek nem fogok körülni, és az ajtókat is mindbe fogom csukni.', 'tokens': [50594, 465, 23255, 9939, 1512, 89, 31390, 371, 9095, 842, 11, 39315, 465, 23255, 9939, 13648, 453, 42889, 10548, 3722, 11, 5960, 7883, 17680, 4547, 20876, 307, 1575, 650, 13648, 298, 28277, 2034, 3722, 13, 50934], 'temperature': 0.0, 'avg_logprob': -0.20962577755168332, 'compression_ratio': 1.1968503937007875, 'no_speech_prob': 0.01869780942797661}])
2025-05-26 17:55:11 - INFO - Szöveg fájl mentve: diktatum/diktatum_2025-05-26_17:55:11.txt
2025-05-26 17:55:11 - INFO - Mentett szöveg: 'Nézd, én úgy voltam vele, hogy el kell innen menni, ennek nem lesz jó végá, én ennek nem fogok körülni, és az ajtókat is mindbe fogom csukni.'
2025-05-26 17:55:11 - INFO - Ideiglenes fájl törölve
2025-05-26 17:55:27 - INFO - Felhasználói parancs: 'q'
2025-05-26 17:55:27 - INFO - Felhasználó kilépett
2025-05-26 17:55:27 - INFO - Program leállítás
2025-05-26 17:55:27 - INFO - Cleanup befejezve
2025-05-26 18:00:45 - INFO - ==================================================
2025-05-26 18:00:45 - INFO - Dictate program elindítva
2025-05-26 18:00:45 - INFO - Whisper model betöltése: large
2025-05-26 18:04:37 - INFO - Whisper model sikeresen betöltve
2025-05-26 18:04:37 - INFO - Felhasználói interfész elindítva
2025-05-26 18:06:24 - INFO - Felhasználói parancs: ''
2025-05-26 18:06:24 - INFO - Hangfelvétel elindítva
2025-05-26 18:06:43 - INFO - Felhasználói parancs: ''
2025-05-26 18:06:43 - INFO - Felvétel leállítva, időtartam: 18.75 másodperc
2025-05-26 18:06:43 - INFO - Ideiglenes WAV fájl létrehozva: /tmp/tmpdo9p6l_3.wav
2025-05-26 18:06:43 - INFO - Whisper feldolgozás elkezdve
2025-05-26 18:07:59 - INFO - Whisper eredmény: 'Nézd, kis szívem, ez olyan távoli tőlem, mint innen az Andromédaköd. Én nem hiszem, hogy nekünk ezen kellene vacskolódnunk. Én azt szeretném, ha minden rendben menne a maga útján, úgy, mint eddig. Köszönöm, hogy meghallgattál.' (konfidencia adatok: [{'id': 0, 'seek': 0, 'start': 0.74, 'end': 6.68, 'text': ' Nézd, kis szívem, ez olyan távoli tőlem, mint innen az Andromédaköd.', 'tokens': [50402, 426, 526, 31278, 11, 350, 271, 7870, 870, 31651, 11, 25220, 277, 356, 282, 7737, 85, 9384, 256, 12511, 10386, 11, 18189, 294, 2866, 7883, 400, 4397, 7811, 514, 29747, 13, 50699], 'temperature': 0.0, 'avg_logprob': -0.11406323569161551, 'compression_ratio': 1.2708333333333333, 'no_speech_prob': 0.028050633147358894}, {'id': 1, 'seek': 0, 'start': 7.28, 'end': 10.32, 'text': ' Én nem hiszem, hogy nekünk ezen kellene vacskolódnunk.', 'tokens': [50729, 4922, 77, 9939, 702, 24313, 11, 14601, 408, 74, 14402, 308, 2904, 41892, 1450, 2842, 5161, 401, 17081, 77, 3197, 13, 50881], 'temperature': 0.0, 'avg_logprob': -0.11406323569161551, 'compression_ratio': 1.2708333333333333, 'no_speech_prob': 0.028050633147358894}, {'id': 2, 'seek': 0, 'start': 10.78, 'end': 15.540000000000001, 'text': ' Én azt szeretném, ha minden rendben menne a maga útján, úgy, mint eddig.', 'tokens': [50904, 4922, 77, 39566, 36160, 302, 77, 4011, 11, 324, 1575, 268, 6125, 1799, 1706, 716, 257, 2258, 64, 6991, 83, 73, 7200, 11, 6991, 1480, 11, 18189, 1257, 25259, 13, 51142], 'temperature': 0.0, 'avg_logprob': -0.11406323569161551, 'compression_ratio': 1.2708333333333333, 'no_speech_prob': 0.028050633147358894}, {'id': 3, 'seek': 0, 'start': 15.96, 'end': 17.580000000000002, 'text': ' Köszönöm, hogy meghallgattál.', 'tokens': [51163, 591, 11310, 89, 3239, 32374, 11, 14601, 385, 9030, 336, 70, 1591, 11447, 13, 51244], 'temperature': 0.0, 'avg_logprob': -0.11406323569161551, 'compression_ratio': 1.2708333333333333, 'no_speech_prob': 0.028050633147358894}])
2025-05-26 18:07:59 - INFO - Szöveg fájl mentve: diktatum/diktatum_2025-05-26_18:07:59.txt
2025-05-26 18:07:59 - INFO - Mentett szöveg: 'Nézd, kis szívem, ez olyan távoli tőlem, mint innen az Andromédaköd. Én nem hiszem, hogy nekünk ezen kellene vacskolódnunk. Én azt szeretném, ha minden rendben menne a maga útján, úgy, mint eddig. Köszönöm, hogy meghallgattál.'
2025-05-26 18:07:59 - INFO - Ideiglenes fájl törölve
2025-05-26 18:08:14 - INFO - Felhasználói parancs: 'q'
2025-05-26 18:08:14 - INFO - Felhasználó kilépett
2025-05-26 18:08:14 - INFO - Program leállítás
2025-05-26 18:08:14 - INFO - Cleanup befejezve
